[0m17:10:39.080033 [debug] [MainThread]: Sending event: {'category': 'dbt', 'action': 'invocation', 'label': 'start', 'context': [<snowplow_tracker.self_describing_json.SelfDescribingJson object at 0x77a7614a38b0>, <snowplow_tracker.self_describing_json.SelfDescribingJson object at 0x77a76050fbe0>, <snowplow_tracker.self_describing_json.SelfDescribingJson object at 0x77a76050fb80>]}


============================== 17:10:39.084705 | c21232ae-3357-4663-b22b-9f1fc5b4c830 ==============================
[0m17:10:39.084705 [info ] [MainThread]: Running with dbt=1.9.6
[0m17:10:39.086151 [debug] [MainThread]: running dbt with arguments {'printer_width': '80', 'indirect_selection': 'eager', 'write_json': 'True', 'log_cache_events': 'False', 'partial_parse': 'True', 'cache_selected_only': 'False', 'warn_error': 'None', 'debug': 'False', 'version_check': 'True', 'log_path': 'logs', 'profiles_dir': '/home/darwin/.dbt', 'fail_fast': 'False', 'use_colors': 'True', 'use_experimental_parser': 'False', 'no_print': 'None', 'quiet': 'False', 'empty': 'None', 'log_format': 'default', 'static_parser': 'True', 'introspect': 'True', 'warn_error_options': 'WarnErrorOptions(include=[], exclude=[])', 'target_path': 'None', 'invocation_command': 'dbt init resale_flat', 'send_anonymous_usage_stats': 'True'}
[0m17:10:39.107079 [debug] [MainThread]: Starter project path: /home/darwin/miniconda3/envs/elt/lib/python3.10/site-packages/dbt/include/starter_project
[0m17:10:39.119147 [info ] [MainThread]: 
Your new dbt project "resale_flat" was created!

For more information on how to configure the profiles.yml file,
please consult the dbt documentation here:

  https://docs.getdbt.com/docs/configure-your-profile

One more thing:

Need help? Don't hesitate to reach out to us via GitHub issues or on Slack:

  https://community.getdbt.com/

Happy modeling!

[0m17:10:39.120257 [info ] [MainThread]: Setting up your profile.
[0m17:11:36.694710 [info ] [MainThread]: Profile resale_flat written to /home/darwin/.dbt/profiles.yml using target's profile_template.yml and your supplied values. Run 'dbt debug' to validate the connection.
[0m17:11:36.698020 [debug] [MainThread]: Resource report: {"command_name": "init", "command_success": true, "command_wall_clock_time": 61.55549, "process_in_blocks": "0", "process_kernel_time": 0.566676, "process_mem_max_rss": "214052", "process_out_blocks": "88", "process_user_time": 6.2981}
[0m17:11:36.701469 [debug] [MainThread]: Command `dbt init` succeeded at 17:11:36.700965 after 61.56 seconds
[0m17:11:36.703502 [debug] [MainThread]: Sending event: {'category': 'dbt', 'action': 'invocation', 'label': 'end', 'context': [<snowplow_tracker.self_describing_json.SelfDescribingJson object at 0x77a7614a38b0>, <snowplow_tracker.self_describing_json.SelfDescribingJson object at 0x77a7346517e0>, <snowplow_tracker.self_describing_json.SelfDescribingJson object at 0x77a7346505b0>]}
[0m17:11:36.704933 [debug] [MainThread]: Flushing usage events
[0m17:11:38.150995 [debug] [MainThread]: An error was encountered while trying to flush usage events
